# dune runtest -f
# OCAMLPARAM: unset
# Shared cache: disabled
# Workspace root: /Users/gibsonmurray/Documents/VSCode/cmsc330/project2b
# Auto-detected concurrency: 8
$ /Users/gibsonmurray/.opam/4.12.0/bin/ocamlc.opt -config > /var/folders/3_/2x5q_03501lbj8s7jhdd1bnm0000gn/T/dune_815019_output
# Dune context:
#  { name = "default"
#  ; kind = "default"
#  ; profile = Dev
#  ; merlin = true
#  ; for_host = None
#  ; fdo_target_exe = None
#  ; build_dir = "default"
#  ; toplevel_path =
#      Some External "/Users/gibsonmurray/.opam/4.12.0/lib/toplevel"
#  ; ocaml_bin = External "/Users/gibsonmurray/.opam/4.12.0/bin"
#  ; ocaml = Ok External "/Users/gibsonmurray/.opam/4.12.0/bin/ocaml"
#  ; ocamlc = External "/Users/gibsonmurray/.opam/4.12.0/bin/ocamlc.opt"
#  ; ocamlopt = Ok External "/Users/gibsonmurray/.opam/4.12.0/bin/ocamlopt.opt"
#  ; ocamldep = Ok External "/Users/gibsonmurray/.opam/4.12.0/bin/ocamldep.opt"
#  ; ocamlmklib =
#      Ok External "/Users/gibsonmurray/.opam/4.12.0/bin/ocamlmklib.opt"
#  ; env =
#      map
#        { "DUNE_OCAML_HARDCODED" : "/Users/gibsonmurray/.opam/4.12.0/lib"
#        ; "DUNE_OCAML_STDLIB" : "/Users/gibsonmurray/.opam/4.12.0/lib/ocaml"
#        ; "DUNE_SOURCEROOT" :
#            "/Users/gibsonmurray/Documents/VSCode/cmsc330/project2b"
#        ; "INSIDE_DUNE" :
#            "/Users/gibsonmurray/Documents/VSCode/cmsc330/project2b/_build/default"
#        ; "OCAMLFIND_IGNORE_DUPS_IN" :
#            "/Users/gibsonmurray/Documents/VSCode/cmsc330/project2b/_build/install/default/lib"
#        ; "OCAMLPATH" :
#            "/Users/gibsonmurray/Documents/VSCode/cmsc330/project2b/_build/install/default/lib"
#        ; "OCAMLTOP_INCLUDE_PATH" :
#            "/Users/gibsonmurray/Documents/VSCode/cmsc330/project2b/_build/install/default/lib/toplevel"
#        ; "OCAML_COLOR" : "always"
#        ; "OPAMCOLOR" : "always"
#        }
#  ; findlib_paths = [ External "/Users/gibsonmurray/.opam/4.12.0/lib" ]
#  ; arch_sixtyfour = true
#  ; natdynlink_supported = true
#  ; supports_shared_libraries = true
#  ; ocaml_config =
#      { version = "4.12.0"
#      ; standard_library_default =
#          "/Users/gibsonmurray/.opam/4.12.0/lib/ocaml"
#      ; standard_library = "/Users/gibsonmurray/.opam/4.12.0/lib/ocaml"
#      ; standard_runtime = "the_standard_runtime_variable_was_deleted"
#      ; ccomp_type = "cc"
#      ; c_compiler = "cc"
#      ; ocamlc_cflags = [ "-O2"; "-fno-strict-aliasing"; "-fwrapv" ]
#      ; ocamlc_cppflags = [ "-D_FILE_OFFSET_BITS=64"; "-D_REENTRANT" ]
#      ; ocamlopt_cflags = [ "-O2"; "-fno-strict-aliasing"; "-fwrapv" ]
#      ; ocamlopt_cppflags = [ "-D_FILE_OFFSET_BITS=64"; "-D_REENTRANT" ]
#      ; bytecomp_c_compiler =
#          [ "cc"
#          ; "-O2"
#          ; "-fno-strict-aliasing"
#          ; "-fwrapv"
#          ; "-D_FILE_OFFSET_BITS=64"
#          ; "-D_REENTRANT"
#          ]
#      ; bytecomp_c_libraries = [ "-lm"; "-lpthread" ]
#      ; native_c_compiler =
#          [ "cc"
#          ; "-O2"
#          ; "-fno-strict-aliasing"
#          ; "-fwrapv"
#          ; "-D_FILE_OFFSET_BITS=64"
#          ; "-D_REENTRANT"
#          ]
#      ; native_c_libraries = [ "-lm" ]
#      ; native_pack_linker = [ "ld"; "-r"; "-o" ]
#      ; cc_profile = []
#      ; architecture = "arm64"
#      ; model = "default"
#      ; int_size = 63
#      ; word_size = 64
#      ; system = "macosx"
#      ; asm = [ "clang"; "-c"; "-Wno-trigraphs" ]
#      ; asm_cfi_supported = true
#      ; with_frame_pointers = false
#      ; ext_exe = ""
#      ; ext_obj = ".o"
#      ; ext_asm = ".s"
#      ; ext_lib = ".a"
#      ; ext_dll = ".so"
#      ; os_type = "Unix"
#      ; default_executable_name = "a.out"
#      ; systhread_supported = true
#      ; host = "aarch64-apple-darwin21.6.0"
#      ; target = "aarch64-apple-darwin21.6.0"
#      ; profiling = false
#      ; flambda = false
#      ; spacetime = false
#      ; safe_string = true
#      ; exec_magic_number = "Caml1999X029"
#      ; cmi_magic_number = "Caml1999I029"
#      ; cmo_magic_number = "Caml1999O029"
#      ; cma_magic_number = "Caml1999A029"
#      ; cmx_magic_number = "Caml1999Y029"
#      ; cmxa_magic_number = "Caml1999Z029"
#      ; ast_impl_magic_number = "Caml1999M029"
#      ; ast_intf_magic_number = "Caml1999N029"
#      ; cmxs_magic_number = "Caml1999D029"
#      ; cmt_magic_number = "Caml1999T029"
#      ; natdynlink_supported = true
#      ; supports_shared_libraries = true
#      ; windows_unicode = false
#      }
#  }
$ (cd _build/default && /Users/gibsonmurray/.opam/4.12.0/bin/ocamldep.opt -modules -impl src/data.ml) > _build/default/src/.p2b.objs/data.ml.d
$ (cd _build/default && /Users/gibsonmurray/.opam/4.12.0/bin/ocamlopt.opt -w @1..3@5..28@30..39@43@46..47@49..57@61..62-40 -strict-sequence -strict-formats -short-paths -keep-locs -w -27-39-33-32 -g -I src/.p2b.objs/byte -I src/.p2b.objs/native -I /Users/gibsonmurray/.opam/4.12.0/lib/oUnit -I /Users/gibsonmurray/.opam/4.12.0/lib/ounit2 -I /Users/gibsonmurray/.opam/4.12.0/lib/ounit2/advanced -I /Users/gibsonmurray/.opam/4.12.0/lib/seq -I /Users/gibsonmurray/.opam/4.12.0/lib/stdlib-shims -intf-suffix .ml -no-alias-deps -opaque -open P2b -o src/.p2b.objs/native/p2b__Data.cmx -c -impl src/data.ml)
$ (cd _build/default && /Users/gibsonmurray/.opam/4.12.0/bin/ocamlopt.opt -w @1..3@5..28@30..39@43@46..47@49..57@61..62-40 -strict-sequence -strict-formats -short-paths -keep-locs -w -27-39-33-32 -g -a -o src/p2b.cmxa src/.p2b.objs/native/p2b.cmx src/.p2b.objs/native/p2b__Funs.cmx src/.p2b.objs/native/p2b__Higher.cmx src/.p2b.objs/native/p2b__Data.cmx)
$ (cd _build/default && /Users/gibsonmurray/.opam/4.12.0/bin/ocamlopt.opt -w @1..3@5..28@30..39@43@46..47@49..57@61..62-40 -strict-sequence -strict-formats -short-paths -keep-locs -w -33 -g -o test/student/student.exe /Users/gibsonmurray/.opam/4.12.0/lib/ocaml/unix.cmxa -I /Users/gibsonmurray/.opam/4.12.0/lib/ocaml -I /Users/gibsonmurray/.opam/4.12.0/lib/ocaml /Users/gibsonmurray/.opam/4.12.0/lib/stdlib-shims/stdlib_shims.cmxa /Users/gibsonmurray/.opam/4.12.0/lib/ounit2/advanced/oUnitAdvanced.cmxa /Users/gibsonmurray/.opam/4.12.0/lib/ounit2/oUnit.cmxa src/p2b.cmxa test/testUtils.cmxa test/student/.student.eobjs/native/dune__exe__Student.cmx)
$ (cd _build/default && /Users/gibsonmurray/.opam/4.12.0/bin/ocamlopt.opt -w @1..3@5..28@30..39@43@46..47@49..57@61..62-40 -strict-sequence -strict-formats -short-paths -keep-locs -g -o test/public/public.exe /Users/gibsonmurray/.opam/4.12.0/lib/ocaml/unix.cmxa -I /Users/gibsonmurray/.opam/4.12.0/lib/ocaml -I /Users/gibsonmurray/.opam/4.12.0/lib/ocaml /Users/gibsonmurray/.opam/4.12.0/lib/stdlib-shims/stdlib_shims.cmxa /Users/gibsonmurray/.opam/4.12.0/lib/ounit2/advanced/oUnitAdvanced.cmxa /Users/gibsonmurray/.opam/4.12.0/lib/ounit2/oUnit.cmxa src/p2b.cmxa test/testUtils.cmxa test/public/.public.eobjs/native/dune__exe__Public.cmx)
$ (cd _build/default && /Users/gibsonmurray/.opam/4.12.0/bin/ocamlopt.opt -w @1..3@5..28@30..39@43@46..47@49..57@61..62-40 -strict-sequence -strict-formats -short-paths -keep-locs -g -o test/pbt/pbt.exe /Users/gibsonmurray/.opam/4.12.0/lib/ocaml/unix.cmxa -I /Users/gibsonmurray/.opam/4.12.0/lib/ocaml -I /Users/gibsonmurray/.opam/4.12.0/lib/ocaml /Users/gibsonmurray/.opam/4.12.0/lib/stdlib-shims/stdlib_shims.cmxa /Users/gibsonmurray/.opam/4.12.0/lib/ounit2/advanced/oUnitAdvanced.cmxa /Users/gibsonmurray/.opam/4.12.0/lib/ounit2/oUnit.cmxa src/p2b.cmxa /Users/gibsonmurray/.opam/4.12.0/lib/qcheck-core/qcheck_core.cmxa /Users/gibsonmurray/.opam/4.12.0/lib/qcheck-core/runner/qcheck_runner.cmxa /Users/gibsonmurray/.opam/4.12.0/lib/qcheck-ounit/qcheck_ounit.cmxa /Users/gibsonmurray/.opam/4.12.0/lib/qcheck/qcheck.cmxa test/testUtils.cmxa test/pbt/.pbt.eobjs/native/dune__exe__Pbt.cmx)
$ (cd _build/default/test/student && ./student.exe)
> .
> Ran: 1 tests in: 0.11 seconds.
> OK
$ (cd _build/default/test/public && ./public.exe)
> .........EE.
> ==============================================================================
> Error: public:11:scopes.
>
> File "/Users/gibsonmurray/Documents/VSCode/cmsc330/project2b/_build/default/test/public/oUnit-public-Gibsons-MacBook-Pro.local#01.log", line 25, characters 1-1:
> Error: public:11:scopes (in the log).
>
> Raised at Stdlib.failwith in file "stdlib.ml", line 29, characters 17-33
> Called from Dune__exe__Public.public_scopes in file "test/public/public.ml", line 143, characters 10-32
> Called from OUnitRunner.run_one_test.(fun) in file "src/lib/ounit2/advanced/oUnitRunner.ml", line 83, characters 13-26
>
> Failure("unimplemented")
> ------------------------------------------------------------------------------
> ==============================================================================
> Error: public:10:var.
>
> File "/Users/gibsonmurray/Documents/VSCode/cmsc330/project2b/_build/default/test/public/oUnit-public-Gibsons-MacBook-Pro.local#01.log", line 17, characters 1-1:
> Error: public:10:var (in the log).
>
> Raised at Stdlib.failwith in file "stdlib.ml", line 29, characters 17-33
> Called from Dune__exe__Public.public_var in file "test/public/public.ml", line 133, characters 10-32
> Called from OUnitRunner.run_one_test.(fun) in file "src/lib/ounit2/advanced/oUnitRunner.ml", line 83, characters 13-26
>
> Failure("unimplemented")
> ------------------------------------------------------------------------------
> Ran: 12 tests in: 0.11 seconds.
> FAILED: Cases: 12 Tried: 12 Errors: 2 Failures: 0 Skip:  0 Todo: 0 Timeouts: 0.
[1]
$ (cd _build/default/test/pbt && ./pbt.exe)
> ...............E.
> ==============================================================================
> Error: public:16:test_add_var_single_scope.
>
> File "/Users/gibsonmurray/Documents/VSCode/cmsc330/project2b/_build/default/test/pbt/oUnit-public-Gibsons-MacBook-Pro.local#01.log", line 75, characters 1-1:
> Error: public:16:test_add_var_single_scope (in the log).
>
> Raised at QCheck2.Test.check_result in file "src/core/QCheck2.ml", line 1976, characters 6-78
> Called from OUnitRunner.run_one_test.(fun) in file "src/lib/ounit2/advanced/oUnitRunner.ml", line 83, characters 13-26
>
> test `test_add_var_single_scope` raised exception `Failure("unimplemented")`
> on `("", 0) (after 2 shrink steps)`
> Raised at Stdlib.failwith in file "stdlib.ml", line 29, characters 17-33
> Called from Dune__exe__Pbt.test_add_var_single_scope.(fun) in file "test/pbt/pbt.ml", line 238, characters 12-25
> Called from QCheck2.Test.run_law.loop in file "src/core/QCheck2.ml", line 1615, characters 27-32
> Called from QCheck2.Test.run_law in file "src/core/QCheck2.ml", line 1620, characters 6-18
> Called from QCheck2.Test.check_state_input in file "src/core/QCheck2.ml", line 1743, characters 20-59
>
> ------------------------------------------------------------------------------
> Ran: 17 tests in: 1.20 seconds.
> FAILED: Cases: 17 Tried: 17 Errors: 1 Failures: 0 Skip:  0 Todo: 0 Timeouts: 0.
[1]
